<?xml version="1.0" encoding="UTF-8"?>
<!-- Generated by org.testng.reporters.JUnitReportReporter -->
<testsuite skipped="0" hostname="DESKTOP-MLVAP7K" name="test.AddContactTest" tests="1" failures="0" timestamp="2022-06-13T13:21:19 CDT" time="6.096" errors="0">
  <testcase name="validUserShouldBeAbleToAddCustomer" time="6.096" classname="test.AddContactTest"/>
  <system-out/>
</testsuite> <!-- test.AddContactTest -->
