<?xml version="1.0" encoding="UTF-8"?>
<!-- Generated by org.testng.reporters.JUnitReportReporter -->
<testsuite hostname="DESKTOP-MLVAP7K" failures="0" tests="1" name="test.AddContactTest" time="5.099" errors="0" timestamp="2022-05-19T16:10:40 CDT" skipped="0">
  <testcase classname="test.AddContactTest" name="validUserShouldBeAbleToAddCustomer" time="5.099"/>
  <system-out/>
</testsuite> <!-- test.AddContactTest -->
