<?xml version="1.0" encoding="UTF-8"?>
<!-- Generated by org.testng.reporters.JUnitReportReporter -->
<testsuite skipped="0" hostname="DESKTOP-MLVAP7K" name="test.AddContactTest" tests="1" failures="0" timestamp="13 Jun 2022 18:52:36 GMT" time="8.077" errors="0">
  <testcase name="validUserShouldBeAbleToAddCustomer" time="8.077" classname="test.AddContactTest"/>
</testsuite> <!-- test.AddContactTest -->
