<?xml version="1.0" encoding="UTF-8"?>
<!-- Generated by org.testng.reporters.JUnitReportReporter -->
<testsuite skipped="0" hostname="DESKTOP-MLVAP7K" name="test.LoginTest" tests="1" failures="0" timestamp="13 Jun 2022 18:52:36 GMT" time="27.934" errors="0">
  <testcase name="validUserShouldBeAbleToLogin" time="27.934" classname="test.LoginTest"/>
</testsuite> <!-- test.LoginTest -->
